<?xml version="1.0" encoding="UTF-8"?>
<testng-results ignored="0" total="1" passed="1" failed="0" skipped="0">
  <reporter-output>
    <line>
      <![CDATA[TestA......]]>
    </line>
  </reporter-output>
  <suite started-at="2023-06-15T07:16:17Z" name="Default suite" finished-at="2023-06-15T07:16:17Z" duration-ms="90">
    <groups>
    </groups>
    <test started-at="2023-06-15T07:16:17Z" name="Default test" finished-at="2023-06-15T07:16:17Z" duration-ms="90">
      <class name="day20.Demo1">
        <test-method signature="testA(java.lang.String)[pri:0, instance:day20.Demo1@1ffaf86]" started-at="2023-06-15T07:16:17Z" name="testA" finished-at="2023-06-15T07:16:17Z" duration-ms="22" status="PASS">
          <params>
            <param index="0">
              <value>
                <![CDATA[Agra]]>
              </value>
            </param>
          </params>
          <reporter-output>
            <line>
              <![CDATA[TestA......]]>
            </line>
          </reporter-output>
        </test-method> <!-- testA -->
      </class> <!-- day20.Demo1 -->
    </test> <!-- Default test -->
  </suite> <!-- Default suite -->
</testng-results>
